<?xml version="1.0" encoding="UTF-8"?>
<beans xmlns:xsi="http://www.w3.org/2001/XMLSchema-instance"
       xmlns="http://www.springframework.org/schema/beans"
       xsi:schemaLocation="http://www.springframework.org/schema/beans
       http://www.springframework.org/schema/beans/spring-beans.xsd">

    <bean class="org.springframework.beans.factory.config.PropertyPlaceholderConfigurer">
        <property name="locations">
            <list>
                <value>classpath:department_sql.properties</value>
                <value>classpath:database.properties</value>
            </list>
        </property>
    </bean>

    <bean id="departmentDao" class="com.epam.brest.course.dao.DepartmentDaoImpl">
        <constructor-arg ref="dataSource"/>
    </bean>

</beans>